
synthesis -f "ProjetoLaser_impl1_lattice.synproj"
synthesis:  version Diamond (64-bit) 3.14.0.75.2

Copyright (c) 1991-1994 by NeoCAD Inc. All rights reserved.
Copyright (c) 1995 AT&T Corp.   All rights reserved.
Copyright (c) 1995-2001 Lucent Technologies Inc.  All rights reserved.
Copyright (c) 2001 Agere Systems   All rights reserved.
Copyright (c) 2002-2024 Lattice Semiconductor Corporation,  All rights reserved.
Thu Sep 25 23:40:47 2025


Command Line:  synthesis -f ProjetoLaser_impl1_lattice.synproj -gui -msgset C:/Users/Guilherme Blanco/Desktop/College/EmbarcatechFase2/PlacaFPGA/Projetos/ProjetoLaser/promote.xml 

    <postMsg mid="35002000" type="Info"    dynamic="0" navigation="0"  />
Synthesis options:
The -a option is ECP5U.
The -s option is 6.
The -t option is CABGA381.
The -d option is LFE5U-45F.
Using package CABGA381.
Using performance grade 6.
                                                          

##########################################################

### Lattice Family : ECP5U

### Device  : LFE5U-45F

### Package : CABGA381

### Speed   : 6

##########################################################

                                                          

    <postMsg mid="35001781" type="Info"    dynamic="0" navigation="0"  />
Optimization goal = Timing
Top-level module name = top.
Target frequency = 200.000000 MHz.
Maximum fanout = 1000.
Timing path count = 3
BRAM utilization = 100.000000 %
DSP usage = true
DSP utilization = 100.000000 %
fsm_encoding_style = auto
resolve_mixed_drivers = 0
fix_gated_clocks = 1

Mux style = Auto
Use Carry Chain = true
carry_chain_length = 0
Loop Limit = 1950.
Use IO Insertion = TRUE
Use IO Reg = AUTO

Resource Sharing = TRUE
Propagate Constants = TRUE
Remove Duplicate Registers = TRUE
force_gsr = auto
ROM style = auto
RAM style = auto
The -comp option is FALSE.
The -syn option is FALSE.
-p C:/Users/Guilherme Blanco/Desktop/College/EmbarcatechFase2/PlacaFPGA/Projetos/ProjetoLaser (searchpath added)
-p C:/lscc/diamond/3.14/ispfpga/sa5p00/data (searchpath added)
-p C:/Users/Guilherme Blanco/Desktop/College/EmbarcatechFase2/PlacaFPGA/Projetos/ProjetoLaser/impl1 (searchpath added)
-p C:/Users/Guilherme Blanco/Desktop/College/EmbarcatechFase2/PlacaFPGA/Projetos/ProjetoLaser (searchpath added)
Verilog design file = C:/Users/Guilherme Blanco/Desktop/College/EmbarcatechFase2/PlacaFPGA/Projetos/ProjetoLaser/top.v
NGD file = ProjetoLaser_impl1.ngd
-sdc option: SDC file input not used.
-lpf option: Output file option is ON.
Hardtimer checking is enabled (default). The -dt option is not used.
The -r option is OFF. [ Remove LOC Properties is OFF. ]
Technology check ok...

Analyzing Verilog file C:/lscc/diamond/3.14/ispfpga/userware/NT/SYNTHESIS_HEADERS/ecp5u.v. VERI-1482
Compile design.
Compile Design Begin
Analyzing Verilog file c:/users/guilherme blanco/desktop/college/embarcatechfase2/placafpga/projetos/projetolaser/top.v. VERI-1482
Analyzing Verilog file C:/lscc/diamond/3.14/ispfpga/userware/NT/SYNTHESIS_HEADERS/ecp5u.v. VERI-1482
Top module name (Verilog): top
    <postMsg mid="35901018" type="Info"    dynamic="2" navigation="2" arg0="c:/users/guilherme blanco/desktop/college/embarcatechfase2/placafpga/projetos/projetolaser/top.v(9): " arg1="top" arg2="c:/users/guilherme blanco/desktop/college/embarcatechfase2/placafpga/projetos/projetolaser/top.v" arg3="9"  />
    <postMsg mid="35901018" type="Info"    dynamic="2" navigation="2" arg0="C:/lscc/diamond/3.14/ispfpga/userware/NT/SYNTHESIS_HEADERS/ecp5u.v(55): " arg1="BB" arg2="C:/lscc/diamond/3.14/ispfpga/userware/NT/SYNTHESIS_HEADERS/ecp5u.v" arg3="55"  />
Last elaborated design is top()
Loading NGL library 'C:/lscc/diamond/3.14/ispfpga/sa5p00/data/sa5plib.ngl'...
Loading NGL library 'C:/lscc/diamond/3.14/ispfpga/xo2c00/data/xo2clib.ngl'...
Loading NGL library 'C:/lscc/diamond/3.14/ispfpga/mg5g00/data/mg5glib.ngl'...
Loading NGL library 'C:/lscc/diamond/3.14/ispfpga/or5g00/data/orc5glib.ngl'...
Loading device for application map from file 'sa5p45.nph' in environment: C:/lscc/diamond/3.14/ispfpga.
Package Status:                     Final          Version 1.50.
Top-level module name = top.
    <postMsg mid="35935034" type="Warning" dynamic="2" navigation="2" arg0="c:/users/guilherme blanco/desktop/college/embarcatechfase2/placafpga/projetos/projetolaser/top.v(32): " arg1="_289" arg2="c:/users/guilherme blanco/desktop/college/embarcatechfase2/placafpga/projetos/projetolaser/top.v" arg3="32"  />
    <postMsg mid="35935034" type="Warning" dynamic="2" navigation="2" arg0="c:/users/guilherme blanco/desktop/college/embarcatechfase2/placafpga/projetos/projetolaser/top.v(33): " arg1="" arg2="c:/users/guilherme blanco/desktop/college/embarcatechfase2/placafpga/projetos/projetolaser/top.v" arg3="33"  />




 PMux Accepted with new tuning bstate_4__I_0_266    <postMsg mid="35001263" type="Warning" dynamic="1" navigation="0" arg0="sda"  />
    <postMsg mid="35001263" type="Warning" dynamic="1" navigation="0" arg0="scl"  />
    <postMsg mid="35935013" type="Warning" dynamic="2" navigation="2" arg0="c:/users/guilherme blanco/desktop/college/embarcatechfase2/placafpga/projetos/projetolaser/top.v(331): " arg1="cmd_data_i0_i5" arg2="c:/users/guilherme blanco/desktop/college/embarcatechfase2/placafpga/projetos/projetolaser/top.v" arg3="331"  />
GSR instance connected to net rstn_c.
    <postMsg mid="35001779" type="Warning" dynamic="1" navigation="0" arg0="cmd_i0_i0"  />
Duplicate register/latch removal. cmd_data_i0_i2 is a one-to-one match with cmd_data_i0_i3.
Applying 200.000000 MHz constraint to all clocks

    <postMsg mid="35001611" type="Warning" dynamic="0" navigation="0"  />
Results of NGD DRC are available in top_drc.log.
Loading NGL library 'C:/lscc/diamond/3.14/ispfpga/sa5p00/data/sa5plib.ngl'...
Loading NGL library 'C:/lscc/diamond/3.14/ispfpga/xo2c00/data/xo2clib.ngl'...
Loading NGL library 'C:/lscc/diamond/3.14/ispfpga/mg5g00/data/mg5glib.ngl'...
Loading NGL library 'C:/lscc/diamond/3.14/ispfpga/or5g00/data/orc5glib.ngl'...


Running DRC...

DRC complete with no errors or warnings

Design Results:
    508 blocks expanded
completed the first expansion
All blocks are expanded and NGD expansion is successful.
Writing NGD file ProjetoLaser_impl1.ngd.

################### Begin Area Report (top)######################
Number of register bits => 75 of 44457 (0 % )
BB => 2
CCU2C => 21
FD1P3AX => 18
FD1P3AY => 4
FD1P3IX => 3
FD1P3JX => 4
FD1S3AX => 15
FD1S3IX => 31
GSR => 1
IB => 2
L6MUX21 => 3
LUT4 => 367
PFUMX => 34
################### End Area Report ##################

################### Begin Clock Report ######################
Clock Nets
Number of Clocks: 1
  Net : fastclk_c, loads : 75
Clock Enable Nets
Number of Clock Enables: 22
Top 10 highest fanout Clock Enables:
  Net : cmd_busy_N_410, loads : 9
  Net : fastclk_c_enable_12, loads : 4
  Net : fastclk_c_enable_20, loads : 3
  Net : fastclk_c_enable_27, loads : 3
  Net : fastclk_c_enable_3, loads : 2
  Net : fastclk_c_enable_14, loads : 2
  Net : fastclk_c_enable_22, loads : 2
  Net : fastclk_c_enable_10, loads : 1
  Net : fastclk_c_enable_6, loads : 1
  Net : fastclk_c_enable_17, loads : 1
Highest fanout non-clock nets
Top 10 highest fanout non-clock nets:
  Net : hstate_2, loads : 55
  Net : hstate_1, loads : 52
  Net : hstate_0, loads : 51
  Net : hstate_3, loads : 49
  Net : bstate_1, loads : 39
  Net : bstate_4, loads : 36
  Net : bstate_0, loads : 36
  Net : bstate_3, loads : 35
  Net : bstate_2, loads : 28
  Net : hstate_4, loads : 27
################### End Clock Report ##################

Timing Report Summary
--------------
--------------------------------------------------------------------------------
Constraint                              |   Constraint|       Actual|Levels
--------------------------------------------------------------------------------
                                        |             |             |
create_clock -period 5.000000 -name     |             |             |
clk0 [get_nets fastclk_c]               |  200.000 MHz|   98.193 MHz|    10 *
                                        |             |             |
--------------------------------------------------------------------------------


1 constraints not met.


Peak Memory Usage: 100.477  MB

--------------------------------------------------------------
Elapsed CPU time for LSE flow : 0.891  secs
--------------------------------------------------------------

map -a "ECP5U" -p LFE5U-45F -t CABGA381 -s 6 -oc Commercial   "ProjetoLaser_impl1.ngd" -o "ProjetoLaser_impl1_map.ncd" -pr "ProjetoLaser_impl1.prf" -mp "ProjetoLaser_impl1.mrp" -lpf "C:/Users/Guilherme Blanco/Desktop/College/EmbarcatechFase2/PlacaFPGA/Projetos/ProjetoLaser/impl1/ProjetoLaser_impl1.lpf" -lpf "C:/Users/Guilherme Blanco/Desktop/College/EmbarcatechFase2/PlacaFPGA/Projetos/ProjetoLaser/ProjetoLaser.lpf"             
map:  version Diamond (64-bit) 3.14.0.75.2

Copyright (c) 1991-1994 by NeoCAD Inc. All rights reserved.
Copyright (c) 1995 AT&T Corp.   All rights reserved.
Copyright (c) 1995-2001 Lucent Technologies Inc.  All rights reserved.
Copyright (c) 2001 Agere Systems   All rights reserved.
Copyright (c) 2002-2024 Lattice Semiconductor Corporation,  All rights reserved.
   Process the file: ProjetoLaser_impl1.ngd
   Picdevice="LFE5U-45F"

   Pictype="CABGA381"

   Picspeed=6

   Remove unused logic

   Do not produce over sized NCDs.

Part used: LFE5U-45FCABGA381, Performance used: 6.

Loading device for application map from file 'sa5p45.nph' in environment: C:/lscc/diamond/3.14/ispfpga.
Package Status:                     Final          Version 1.50.

Running general design DRC...

Removing unused logic...

Optimizing...

87 CCU2 constant inputs absorbed.




Design Summary:
   Number of registers:     75 out of 44457 (0%)
      PFU registers:           75 out of 43848 (0%)
      PIO registers:            0 out of   609 (0%)
   Number of SLICEs:       235 out of 21924 (1%)
      SLICEs as Logic/ROM:    235 out of 21924 (1%)
      SLICEs as RAM:            0 out of 16443 (0%)
      SLICEs as Carry:         21 out of 21924 (0%)
   Number of LUT4s:        409 out of 43848 (1%)
      Number used as logic LUTs:        367
      Number used as distributed RAM:     0
      Number used as ripple logic:       42
      Number used as shift registers:     0
   Number of PIO sites used: 4 out of 203 (2%)
   Number of block RAMs:  0 out of 108 (0%)
   Number of GSRs:  1 out of 1 (100%)
   JTAG used :      No
   Readback used :  No
   Oscillator used :  No
   Startup used :   No
   DTR used :   No
   Number of Dynamic Bank Controller (BCINRD):  0 out of 4 (0%)
   Number of Dynamic Bank Controller (BCLVDSOB):  0 out of 4 (0%)
   Number of DCC:  0 out of 60 (0%)
   Number of DCS:  0 out of 2 (0%)
   Number of PLLs:  0 out of 4 (0%)
   Number of DDRDLLs:  0 out of 4 (0%)
   Number of CLKDIV:  0 out of 4 (0%)
   Number of ECLKSYNC:  0 out of 10 (0%)
   Number of ECLKBRIDGECS:  0 out of 2 (0%)
   Notes:-
      1. Total number of LUT4s = (Number of logic LUT4s) + 2*(Number of distributed RAMs) + 2*(Number of ripple logic)
      2. Number of logic LUT4s does not include count of distributed RAM and ripple logic.

   Number Of Mapped DSP Components:
   --------------------------------
   MULT18X18D          0
   MULT9X9D            0
   ALU54B              0
   ALU24B              0
   PRADD18A            0
   PRADD9A             0
   --------------------------------
   Number of Used DSP MULT Sites:  0 out of 144 (0 %)
   Number of Used DSP ALU Sites:  0 out of 72 (0 %)
   Number of Used DSP PRADD Sites:  0 out of 144 (0 %)
   Number of clocks:  1
     Net fastclk_c: 61 loads, 61 rising, 0 falling (Driver: PIO fastclk )
   Number of Clock Enables:  22
     Net fastclk_c_enable_8: 1 loads, 1 LSLICEs
     Net cmd_busy_N_410: 1 loads, 1 LSLICEs
     Net fastclk_c_enable_1: 1 loads, 1 LSLICEs
     Net fastclk_c_enable_2: 1 loads, 1 LSLICEs
     Net fastclk_c_enable_27: 2 loads, 2 LSLICEs
     Net fastclk_c_enable_6: 1 loads, 1 LSLICEs
     Net fastclk_c_enable_10: 1 loads, 1 LSLICEs
     Net fastclk_c_enable_3: 1 loads, 1 LSLICEs
     Net fastclk_c_enable_12: 2 loads, 2 LSLICEs
     Net fastclk_c_enable_20: 2 loads, 2 LSLICEs
     Net fastclk_c_enable_11: 1 loads, 1 LSLICEs
     Net fastclk_c_enable_14: 2 loads, 2 LSLICEs
     Net fastclk_c_enable_7: 1 loads, 1 LSLICEs
     Net fastclk_c_enable_9: 1 loads, 1 LSLICEs
     Net fastclk_c_enable_15: 1 loads, 1 LSLICEs
     Net fastclk_c_enable_17: 1 loads, 1 LSLICEs
     Net fastclk_c_enable_25: 1 loads, 1 LSLICEs
     Net fastclk_c_enable_18: 1 loads, 1 LSLICEs
     Net fastclk_c_enable_22: 2 loads, 2 LSLICEs
     Net fastclk_c_enable_28: 1 loads, 1 LSLICEs
     Net fastclk_c_enable_23: 1 loads, 1 LSLICEs
     Net fastclk_c_enable_24: 1 loads, 1 LSLICEs
   Number of LSRs:  9
     Net n4523: 1 loads, 1 LSLICEs
     Net hstate_4: 1 loads, 1 LSLICEs
     Net tick: 9 loads, 9 LSLICEs
     Net n3259: 2 loads, 2 LSLICEs
     Net n5085: 7 loads, 7 LSLICEs
     Net n5095: 2 loads, 2 LSLICEs
     Net n9518: 3 loads, 3 LSLICEs
     Net n7915: 1 loads, 1 LSLICEs
     Net n5087: 1 loads, 1 LSLICEs
   Number of nets driven by tri-state buffers:  0
   Top 10 highest fanout non-clock nets:
     Net hstate_2: 55 loads
     Net hstate_1: 52 loads
     Net hstate_0: 51 loads
     Net hstate_3: 49 loads
     Net bstate_1: 39 loads
     Net bstate_0: 36 loads
     Net bstate_3: 35 loads
     Net bstate_4: 35 loads
     Net bstate_2: 28 loads
     Net hstate_4: 27 loads
 

   Number of warnings:  0
   Number of errors:    0



Total CPU Time: 0 secs  
Total REAL Time: 0 secs  
Peak Memory Usage: 157 MB

Dumping design to file ProjetoLaser_impl1_map.ncd.

ncd2vdb "ProjetoLaser_impl1_map.ncd" ".vdbs/ProjetoLaser_impl1_map.vdb"

Loading device for application ncd2vdb from file 'sa5p45.nph' in environment: C:/lscc/diamond/3.14/ispfpga.

mpartrce -p "ProjetoLaser_impl1.p2t" -f "ProjetoLaser_impl1.p3t" -tf "ProjetoLaser_impl1.pt" "ProjetoLaser_impl1_map.ncd" "ProjetoLaser_impl1.ncd"

---- MParTrce Tool ----
Removing old design directory at request of -rem command line option to this program.
Running par. Please wait . . .

Lattice Place and Route Report for Design "ProjetoLaser_impl1_map.ncd"
Thu Sep 25 23:40:49 2025

PAR: Place And Route Diamond (64-bit) 3.14.0.75.2.
Command Line: par -w -l 5 -i 6 -t 1 -c 0 -e 0 -gui -msgset "C:/Users/Guilherme Blanco/Desktop/College/EmbarcatechFase2/PlacaFPGA/Projetos/ProjetoLaser/promote.xml" -exp parUseNBR=1:parCDP=auto:parCDR=1:parPathBased=OFF:parASE=1:par_low_skew_clock_net=0 ProjetoLaser_impl1_map.ncd ProjetoLaser_impl1.dir/5_1.ncd ProjetoLaser_impl1.prf
Preference file: ProjetoLaser_impl1.prf.
Placement level-cost: 5-1.
Routing Iterations: 6

Loading design for application par from file ProjetoLaser_impl1_map.ncd.
Design name: top
NCD version: 3.3
Vendor:      LATTICE
Device:      LFE5U-45F
Package:     CABGA381
Performance: 6
Loading device for application par from file 'sa5p45.nph' in environment: C:/lscc/diamond/3.14/ispfpga.
Package Status:                     Final          Version 1.50.
Performance Hardware Data Status:   Final          Version 55.1.
License checked out.


Ignore Preference Error(s):  True
Device utilization summary:

   PIO (prelim)       4/245           1% used
                      4/203           1% bonded

   SLICE            235/21924         1% used

   GSR                1/1           100% used


Number of Signals: 475
Number of Connections: 1526

Pin Constraint Summary:
   4 out of 4 pins locked (100% locked).

The following 1 signal is selected to use the primary clock routing resources:
    fastclk_c (driver: fastclk, clk/ce/sr load #: 61/0/0)


Signal rstn_c is selected as Global Set/Reset.
Starting Placer Phase 0.
.........
Finished Placer Phase 0.  REAL time: 2 secs 

Starting Placer Phase 1.
.....................
Placer score = 76359.
Finished Placer Phase 1.  REAL time: 4 secs 

Starting Placer Phase 2.
.
Placer score =  75613
Finished Placer Phase 2.  REAL time: 4 secs 


------------------ Clock Report ------------------

Global Clock Resources:
  CLK_PIN    : 0 out of 12 (0%)
  GR_PCLK    : 1 out of 12 (8%)
  PLL        : 0 out of 4 (0%)
  DCS        : 0 out of 2 (0%)
  DCC        : 0 out of 60 (0%)
  CLKDIV     : 0 out of 4 (0%)

Quadrant TL Clocks:

  PRIMARY  : 0 out of 16 (0%)

Quadrant TR Clocks:

  PRIMARY  : 0 out of 16 (0%)

Quadrant BL Clocks:

  PRIMARY  : 0 out of 16 (0%)

Quadrant BR Clocks:
  PRIMARY "fastclk_c" from comp "fastclk" on PIO site "P3 (PL68C)", CLK/CE/SR load = 61

  PRIMARY  : 1 out of 16 (6%)

Edge Clocks:

  No edge clock selected.


--------------- End of Clock Report ---------------


+
I/O Usage Summary (final):
   4 out of 245 (1.6%) PIO sites used.
   4 out of 203 (2.0%) bonded PIO sites used.
   Number of PIO comps: 4; differential: 0.
   Number of Vref pins used: 0.

I/O Bank Usage Summary:
+----------+---------------+------------+------------+------------+
| I/O Bank | Usage         | Bank Vccio | Bank Vref1 | Bank Vref2 |
+----------+---------------+------------+------------+------------+
| 0        | 0 / 27 (  0%) | -          | -          | -          |
| 1        | 0 / 33 (  0%) | -          | -          | -          |
| 2        | 1 / 32 (  3%) | 3.3V       | -          | -          |
| 3        | 1 / 33 (  3%) | 3.3V       | -          | -          |
| 6        | 1 / 33 (  3%) | 3.3V       | -          | -          |
| 7        | 1 / 32 (  3%) | 3.3V       | -          | -          |
| 8        | 0 / 13 (  0%) | -          | -          | -          |
+----------+---------------+------------+------------+------------+

Total placer CPU time: 3 secs 

Dumping design to file ProjetoLaser_impl1.dir/5_1.ncd.

0 connections routed; 1526 unrouted.
Starting router resource preassignment

Completed router resource preassignment. Real time: 6 secs 

Start NBR router at 23:40:55 09/25/25

*****************************************************************
Info: NBR allows conflicts(one node used by more than one signal)
      in the earlier iterations. In each iteration, it tries to  
      solve the conflicts while keeping the critical connections 
      routed as short as possible. The routing process is said to
      be completed when no conflicts exist and all connections   
      are routed.                                                
Note: NBR uses a different method to calculate timing slacks. The
      worst slack and total negative slack may not be the same as
      that in TRCE report. You should always run TRCE to verify  
      your design.                                               
*****************************************************************

Start NBR special constraint process at 23:40:56 09/25/25

Start NBR section for initial routing at 23:40:56 09/25/25
Level 4, iteration 1
50(0.00%) conflicts; 0(0.00%) untouched conn; 0 (nbr) score; 
Estimated worst slack/total negative slack<setup>: 31.687ns/0.000ns; real time: 7 secs 

Info: Initial congestion level at 75% usage is 0
Info: Initial congestion area  at 75% usage is 0 (0.00%)

Start NBR section for normal routing at 23:40:56 09/25/25
Level 4, iteration 1
30(0.00%) conflicts; 0(0.00%) untouched conn; 0 (nbr) score; 
Estimated worst slack/total negative slack<setup>: 31.682ns/0.000ns; real time: 7 secs 
Level 4, iteration 2
8(0.00%) conflicts; 0(0.00%) untouched conn; 0 (nbr) score; 
Estimated worst slack/total negative slack<setup>: 31.608ns/0.000ns; real time: 7 secs 
Level 4, iteration 3
1(0.00%) conflict; 0(0.00%) untouched conn; 0 (nbr) score; 
Estimated worst slack/total negative slack<setup>: 31.596ns/0.000ns; real time: 7 secs 
Level 4, iteration 4
1(0.00%) conflict; 0(0.00%) untouched conn; 0 (nbr) score; 
Estimated worst slack/total negative slack<setup>: 31.596ns/0.000ns; real time: 7 secs 
Level 4, iteration 5
0(0.00%) conflict; 0(0.00%) untouched conn; 0 (nbr) score; 
Estimated worst slack/total negative slack<setup>: 31.596ns/0.000ns; real time: 7 secs 

Start NBR section for setup/hold timing optimization with effort level 3 at 23:40:56 09/25/25

Start NBR section for re-routing at 23:40:56 09/25/25
Level 4, iteration 1
0(0.00%) conflict; 0(0.00%) untouched conn; 0 (nbr) score; 
Estimated worst slack/total negative slack<setup>: 31.596ns/0.000ns; real time: 7 secs 

Start NBR section for post-routing at 23:40:56 09/25/25

End NBR router with 0 unrouted connection

NBR Summary
-----------
  Number of unrouted connections : 0 (0.00%)
  Number of connections with timing violations : 0 (0.00%)
  Estimated worst slack<setup> : 31.596ns
  Timing score<setup> : 0
-----------
Notes: The timing info is calculated for SETUP only and all PAR_ADJs are ignored.



Total CPU time 7 secs 
Total REAL time: 7 secs 
Completely routed.
End of route.  1526 routed (100.00%); 0 unrouted.

Hold time timing score: 0, hold timing errors: 0

Timing score: 0 

Dumping design to file ProjetoLaser_impl1.dir/5_1.ncd.


PAR_SUMMARY::Run status = Completed
PAR_SUMMARY::Number of unrouted conns = 0
PAR_SUMMARY::Worst  slack<setup/<ns>> = 31.596
PAR_SUMMARY::Timing score<setup/<ns>> = 0.000
PAR_SUMMARY::Worst  slack<hold /<ns>> = 0.178
PAR_SUMMARY::Timing score<hold /<ns>> = 0.000
PAR_SUMMARY::Number of errors = 0

Total CPU  time to completion: 7 secs 
Total REAL time to completion: 8 secs 

par done!

Note: user must run 'Trace' for timing closure signoff.

Copyright (c) 1991-1994 by NeoCAD Inc. All rights reserved.
Copyright (c) 1995 AT&T Corp.   All rights reserved.
Copyright (c) 1995-2001 Lucent Technologies Inc.  All rights reserved.
Copyright (c) 2001 Agere Systems   All rights reserved.
Copyright (c) 2002-2024 Lattice Semiconductor Corporation,  All rights reserved.
Exiting par with exit code 0
Exiting mpartrce with exit code 0

trce -f "ProjetoLaser_impl1.pt" -o "ProjetoLaser_impl1.twr" "ProjetoLaser_impl1.ncd" "ProjetoLaser_impl1.prf"
trce:  version Diamond (64-bit) 3.14.0.75.2

Copyright (c) 1991-1994 by NeoCAD Inc. All rights reserved.
Copyright (c) 1995 AT&T Corp.   All rights reserved.
Copyright (c) 1995-2001 Lucent Technologies Inc.  All rights reserved.
Copyright (c) 2001 Agere Systems   All rights reserved.
Copyright (c) 2002-2024 Lattice Semiconductor Corporation,  All rights reserved.

Loading design for application trce from file projetolaser_impl1.ncd.
Design name: top
NCD version: 3.3
Vendor:      LATTICE
Device:      LFE5U-45F
Package:     CABGA381
Performance: 6
Loading device for application trce from file 'sa5p45.nph' in environment: C:/lscc/diamond/3.14/ispfpga.
Package Status:                     Final          Version 1.50.
Performance Hardware Data Status:   Final          Version 55.1.
Setup and Hold Report

--------------------------------------------------------------------------------
Lattice TRACE Report - Setup, Version Diamond (64-bit) 3.14.0.75.2
Thu Sep 25 23:40:58 2025

Copyright (c) 1991-1994 by NeoCAD Inc. All rights reserved.
Copyright (c) 1995 AT&T Corp.   All rights reserved.
Copyright (c) 1995-2001 Lucent Technologies Inc.  All rights reserved.
Copyright (c) 2001 Agere Systems   All rights reserved.
Copyright (c) 2002-2024 Lattice Semiconductor Corporation,  All rights reserved.

Report Information
------------------
Command line:    trce -v 10 -gt -sethld -sp 6 -sphld m -o ProjetoLaser_impl1.twr -gui -msgset C:/Users/Guilherme Blanco/Desktop/College/EmbarcatechFase2/PlacaFPGA/Projetos/ProjetoLaser/promote.xml ProjetoLaser_impl1.ncd ProjetoLaser_impl1.prf 
Design file:     projetolaser_impl1.ncd
Preference file: projetolaser_impl1.prf
Device,speed:    LFE5U-45F,6
Report level:    verbose report, limited to 10 items per preference
--------------------------------------------------------------------------------

BLOCK ASYNCPATHS
BLOCK RESETPATHS
--------------------------------------------------------------------------------



Timing summary (Setup):
---------------

Timing errors: 0  Score: 0
Cumulative negative slack: 0

Constraints cover 4497 paths, 1 nets, and 1510 connections (98.95% coverage)

--------------------------------------------------------------------------------
Lattice TRACE Report - Hold, Version Diamond (64-bit) 3.14.0.75.2
Thu Sep 25 23:40:58 2025

Copyright (c) 1991-1994 by NeoCAD Inc. All rights reserved.
Copyright (c) 1995 AT&T Corp.   All rights reserved.
Copyright (c) 1995-2001 Lucent Technologies Inc.  All rights reserved.
Copyright (c) 2001 Agere Systems   All rights reserved.
Copyright (c) 2002-2024 Lattice Semiconductor Corporation,  All rights reserved.

Report Information
------------------
Command line:    trce -v 10 -gt -sethld -sp 6 -sphld m -o ProjetoLaser_impl1.twr -gui -msgset C:/Users/Guilherme Blanco/Desktop/College/EmbarcatechFase2/PlacaFPGA/Projetos/ProjetoLaser/promote.xml ProjetoLaser_impl1.ncd ProjetoLaser_impl1.prf 
Design file:     projetolaser_impl1.ncd
Preference file: projetolaser_impl1.prf
Device,speed:    LFE5U-45F,m
Report level:    verbose report, limited to 10 items per preference
--------------------------------------------------------------------------------

BLOCK ASYNCPATHS
BLOCK RESETPATHS
--------------------------------------------------------------------------------



Timing summary (Hold):
---------------

Timing errors: 0  Score: 0
Cumulative negative slack: 0

Constraints cover 4497 paths, 1 nets, and 1510 connections (98.95% coverage)



Timing summary (Setup and Hold):
---------------

Timing errors: 0 (setup), 0 (hold)
Score: 0 (setup), 0 (hold)
Cumulative negative slack: 0 (0+0)
--------------------------------------------------------------------------------

--------------------------------------------------------------------------------

Total CPU Time: 1 secs 
Total REAL Time: 0 secs 
Peak Memory Usage: 219 MB


tmcheck -par "ProjetoLaser_impl1.par" -nocheck

bitgen -w "ProjetoLaser_impl1.ncd" -f "ProjetoLaser_impl1.t2b" -e -s "C:/Users/Guilherme Blanco/Desktop/College/EmbarcatechFase2/PlacaFPGA/Projetos/ProjetoLaser/ProjetoLaser.sec" -k "C:/Users/Guilherme Blanco/Desktop/College/EmbarcatechFase2/PlacaFPGA/Projetos/ProjetoLaser/ProjetoLaser.bek" "ProjetoLaser_impl1.prf"


BITGEN: Bitstream Generator Diamond (64-bit) 3.14.0.75.2
Copyright (c) 1991-1994 by NeoCAD Inc. All rights reserved.
Copyright (c) 1995 AT&T Corp.   All rights reserved.
Copyright (c) 1995-2001 Lucent Technologies Inc.  All rights reserved.
Copyright (c) 2001 Agere Systems   All rights reserved.
Copyright (c) 2002-2024 Lattice Semiconductor Corporation,  All rights reserved.


Loading design for application Bitgen from file ProjetoLaser_impl1.ncd.
Design name: top
NCD version: 3.3
Vendor:      LATTICE
Device:      LFE5U-45F
Package:     CABGA381
Performance: 6
Loading device for application Bitgen from file 'sa5p45.nph' in environment: C:/lscc/diamond/3.14/ispfpga.
Package Status:                     Final          Version 1.50.
Performance Hardware Data Status:   Final          Version 55.1.
Reading Preference File from ProjetoLaser_impl1.prf.
    <postMsg mid="1009992" type="Info"    dynamic="1" navigation="0" arg0=" SW_XO3D_SECURITY_ENCRYPTION *NOT* controlled by sa5p00.acd ###"  />
    <postMsg mid="1009992" type="Info"    dynamic="1" navigation="0" arg0=" SW_XO3D_SECURITY_ENCRYPTION license_securityIP OK"  />

Preference Summary:
+---------------------------------+---------------------------------+
|  Preference                     |  Current Setting                |
+---------------------------------+---------------------------------+
|                         RamCfg  |                        NoReset  |
+---------------------------------+---------------------------------+
|                        CfgMode  |                      Disable**  |
+---------------------------------+---------------------------------+
|                        DONE_EX  |                          OFF**  |
+---------------------------------+---------------------------------+
|                        DONE_OD  |                           ON**  |
+---------------------------------+---------------------------------+
|                     MCCLK_FREQ  |                          2.4**  |
+---------------------------------+---------------------------------+
|                  CONFIG_SECURE  |                          OFF**  |
+---------------------------------+---------------------------------+
|                    CONFIG_MODE  |                         JTAG**  |
+---------------------------------+---------------------------------+
|                        WAKE_UP  |                           21**  |
+---------------------------------+---------------------------------+
|                          INBUF  |                          OFF**  |
+---------------------------------+---------------------------------+
|                             ES  |                           No**  |
+---------------------------------+---------------------------------+
|                 SLAVE_SPI_PORT  |                      DISABLE**  |
+---------------------------------+---------------------------------+
|                MASTER_SPI_PORT  |                      DISABLE**  |
+---------------------------------+---------------------------------+
|                COMPRESS_CONFIG  |                          OFF**  |
+---------------------------------+---------------------------------+
|            BACKGROUND_RECONFIG  |                          OFF**  |
+---------------------------------+---------------------------------+
|                     DisableUES  |                           TRUE  |
+---------------------------------+---------------------------------+
|            SLAVE_PARALLEL_PORT  |                      DISABLE**  |
+---------------------------------+---------------------------------+
|                      DONE_PULL  |                           ON**  |
+---------------------------------+---------------------------------+
|               CONFIG_IOVOLTAGE  |                          2.5**  |
+---------------------------------+---------------------------------+
|                        TRANSFR  |                          OFF**  |
+---------------------------------+---------------------------------+
 *  Default setting.
 ** The specified setting matches the default setting.


Creating bit map...
 
Bitstream Status: Final           Version 10.27.
 
Saving bit stream in "ProjetoLaser_impl1.bit".
Total CPU Time: 2 secs 
Total REAL Time: 3 secs 
Peak Memory Usage: 359 MB
